2024/07/22 15:31:28 [notice] 1#1: using the "epoll" event method
2024/07/22 15:31:28 [notice] 1#1: nginx/1.25.4
2024/07/22 15:31:28 [notice] 1#1: built by gcc 12.2.1 20220924 (Alpine 12.2.1_git20220924-r10) 
2024/07/22 15:31:28 [notice] 1#1: OS: Linux 4.18.0-553.5.1.el8_10.x86_64
2024/07/22 15:31:28 [notice] 1#1: getrlimit(RLIMIT_NOFILE): 1048576:1048576
2024/07/22 15:31:28 [notice] 1#1: start worker processes
2024/07/22 15:31:28 [notice] 1#1: start worker process 30
2024/07/22 15:31:28 [notice] 1#1: start worker process 31
2024/07/22 15:37:12 [notice] 1#1: signal 3 (SIGQUIT) received, shutting down
2024/07/22 15:37:12 [notice] 31#31: gracefully shutting down
2024/07/22 15:37:12 [notice] 31#31: exiting
2024/07/22 15:37:12 [notice] 31#31: exit
2024/07/22 15:37:12 [notice] 30#30: gracefully shutting down
2024/07/22 15:37:12 [notice] 30#30: exiting
2024/07/22 15:37:12 [notice] 30#30: exit
2024/07/22 15:37:12 [notice] 1#1: signal 17 (SIGCHLD) received from 31
2024/07/22 15:37:12 [notice] 1#1: worker process 31 exited with code 0
2024/07/22 15:37:12 [notice] 1#1: signal 29 (SIGIO) received
2024/07/22 15:37:12 [notice] 1#1: signal 17 (SIGCHLD) received from 30
2024/07/22 15:37:12 [notice] 1#1: worker process 30 exited with code 0
2024/07/22 15:37:12 [notice] 1#1: exit
